SERVER_NAME 0.0.0.0
HTTP_CACHE_CONTROL max-age=0
SCRIPT_NAME 
HTTP_ACCEPT_ENCODING gzip, deflate
wsgi.errors <gunicorn.http.wsgi.WSGIErrorsWrapper object at 0x7fecb5674358>
PATH_INFO /
QUERY_STRING 
SERVER_PROTOCOL HTTP/1.0
HTTP_HOST wangtanxu.xyz
HTTP_X_FORWARDED_FOR 117.174.172.119
RAW_URI /
wsgi.multithread False
REMOTE_PORT 50886
SERVER_SOFTWARE gunicorn/19.9.0
CSRF_COOKIE RC3Fx5ydVUfjaftbq3cAsWcwU0EDQfCDVGvTixKPYd488YdBTIOVCnsRJCExvkGx
wsgi.url_scheme http
REQUEST_METHOD GET
wsgi.input <gunicorn.http.body.Body object at 0x7fecb5674320>
HTTP_UPGRADE_INSECURE_REQUESTS 1
wsgi.file_wrapper <class 'gunicorn.http.wsgi.FileWrapper'>
HTTP_ACCEPT text/html,application/xhtml+xml,application/xml;q=0.9,image/webp,image/apng,*/*;q=0.8
HTTP_USER_AGENT Mozilla/5.0 (Windows NT 6.3; Win64; x64) AppleWebKit/537.36 (KHTML, like Gecko) Chrome/71.0.3578.98 Safari/537.36
HTTP_ACCEPT_LANGUAGE zh-CN,zh;q=0.9
HTTP_COOKIE csrftoken=RC3Fx5ydVUfjaftbq3cAsWcwU0EDQfCDVGvTixKPYd488YdBTIOVCnsRJCExvkGx; sessionid=qfw1jrh5nro34ltaflbcxdyobil1jyrk
wsgi.run_once False
wsgi.version (1, 0)
HTTP_CONNECTION close
gunicorn.socket <socket.socket fd=11, family=AddressFamily.AF_INET, type=SocketKind.SOCK_STREAM, proto=0, laddr=('172.16.58.241', 81), raddr=('112.74.47.105', 50886)>
wsgi.multiprocess True
HTTP_X_FORWARDED_PROTO http
REMOTE_ADDR 112.74.47.105
SERVER_PORT 81
HTTP_X_REAL_IP 117.174.172.119
SERVER_NAME 0.0.0.0
HTTP_CACHE_CONTROL max-age=0
SCRIPT_NAME 
HTTP_ACCEPT_ENCODING gzip, deflate
wsgi.errors <gunicorn.http.wsgi.WSGIErrorsWrapper object at 0x7fecb56742e8>
PATH_INFO /
QUERY_STRING 
SERVER_PROTOCOL HTTP/1.0
HTTP_HOST wangtanxu.xyz
HTTP_X_FORWARDED_FOR 117.174.172.119
RAW_URI /
wsgi.multithread False
REMOTE_PORT 50888
SERVER_SOFTWARE gunicorn/19.9.0
CSRF_COOKIE RC3Fx5ydVUfjaftbq3cAsWcwU0EDQfCDVGvTixKPYd488YdBTIOVCnsRJCExvkGx
wsgi.url_scheme http
REQUEST_METHOD GET
wsgi.input <gunicorn.http.body.Body object at 0x7fecb56742b0>
HTTP_UPGRADE_INSECURE_REQUESTS 1
wsgi.file_wrapper <class 'gunicorn.http.wsgi.FileWrapper'>
HTTP_ACCEPT text/html,application/xhtml+xml,application/xml;q=0.9,image/webp,image/apng,*/*;q=0.8
HTTP_USER_AGENT Mozilla/5.0 (Windows NT 6.3; Win64; x64) AppleWebKit/537.36 (KHTML, like Gecko) Chrome/71.0.3578.98 Safari/537.36
HTTP_ACCEPT_LANGUAGE zh-CN,zh;q=0.9
HTTP_COOKIE csrftoken=RC3Fx5ydVUfjaftbq3cAsWcwU0EDQfCDVGvTixKPYd488YdBTIOVCnsRJCExvkGx; sessionid=qfw1jrh5nro34ltaflbcxdyobil1jyrk
wsgi.run_once False
wsgi.version (1, 0)
HTTP_CONNECTION close
gunicorn.socket <socket.socket fd=11, family=AddressFamily.AF_INET, type=SocketKind.SOCK_STREAM, proto=0, laddr=('172.16.58.241', 81), raddr=('112.74.47.105', 50888)>
wsgi.multiprocess True
HTTP_X_FORWARDED_PROTO http
REMOTE_ADDR 112.74.47.105
SERVER_PORT 81
HTTP_X_REAL_IP 117.174.172.119
SERVER_NAME 0.0.0.0
HTTP_CACHE_CONTROL max-age=0
SCRIPT_NAME 
HTTP_ACCEPT_ENCODING gzip, deflate
wsgi.errors <gunicorn.http.wsgi.WSGIErrorsWrapper object at 0x7fecb550f160>
PATH_INFO /
QUERY_STRING 
SERVER_PROTOCOL HTTP/1.0
HTTP_HOST wangtanxu.xyz
HTTP_X_FORWARDED_FOR 117.174.172.119
RAW_URI /
wsgi.multithread False
REMOTE_PORT 50926
SERVER_SOFTWARE gunicorn/19.9.0
CSRF_COOKIE RC3Fx5ydVUfjaftbq3cAsWcwU0EDQfCDVGvTixKPYd488YdBTIOVCnsRJCExvkGx
wsgi.url_scheme http
REQUEST_METHOD GET
wsgi.input <gunicorn.http.body.Body object at 0x7fecb550f198>
HTTP_UPGRADE_INSECURE_REQUESTS 1
wsgi.file_wrapper <class 'gunicorn.http.wsgi.FileWrapper'>
HTTP_ACCEPT text/html,application/xhtml+xml,application/xml;q=0.9,image/webp,image/apng,*/*;q=0.8
HTTP_USER_AGENT Mozilla/5.0 (Windows NT 6.3; Win64; x64) AppleWebKit/537.36 (KHTML, like Gecko) Chrome/71.0.3578.98 Safari/537.36
HTTP_ACCEPT_LANGUAGE zh-CN,zh;q=0.9
HTTP_COOKIE csrftoken=RC3Fx5ydVUfjaftbq3cAsWcwU0EDQfCDVGvTixKPYd488YdBTIOVCnsRJCExvkGx; sessionid=qfw1jrh5nro34ltaflbcxdyobil1jyrk
wsgi.run_once False
wsgi.version (1, 0)
HTTP_CONNECTION close
gunicorn.socket <socket.socket fd=11, family=AddressFamily.AF_INET, type=SocketKind.SOCK_STREAM, proto=0, laddr=('172.16.58.241', 81), raddr=('112.74.47.105', 50926)>
wsgi.multiprocess True
HTTP_X_FORWARDED_PROTO http
REMOTE_ADDR 112.74.47.105
SERVER_PORT 81
HTTP_X_REAL_IP 117.174.172.119
['20190707', '20190703', '20190704', '20190705', '20190701', '20190702', '20190706', 'Lowest Price']
['20190707', '20190705', '20190704', '20190703', '20190706', '20190701', '20190702', 'Lowest Price']
['20190707', '20190705', '20190704', '20190703', '20190706', '20190701', '20190702', 'Lowest Price']
['20190707', '20190705', '20190704', '20190703', '20190706', '20190701', '20190702', 'Lowest Price']
['20190707', '20190705', '20190704', '20190703', '20190706', '20190701', '20190702', 'Lowest Price']
['20190707', '20190705', '20190704', '20190703', '20190706', '20190701', '20190702', 'Lowest Price']
['20190707', '20190705', '20190704', '20190703', '20190706', '20190701', '20190702', 'Lowest Price']
['20190707', '20190705', '20190704', '20190703', '20190706', '20190701', '20190702', 'Lowest Price']
